# JRE version: OpenJDK Runtime Environment (17.0.6) (build 17.0.6+0-b2043.56-10027231)
# Java VM: OpenJDK 64-Bit Server VM (17.0.6+0-b2043.56-10027231, mixed mode, tiered, compressed oops, compressed class ptrs, g1 gc, windows-amd64)
GC Precious Log:
 CPUs: 4 total, 4 available
 Memory: 4002M
 Large Page Support: Disabled
 NUMA Support: Disabled
 Compressed Oops: Enabled (32-bit)
 Heap Region Size: 1M
 Heap Min Capacity: 8M
 Heap Initial Capacity: 64M
 Heap Max Capacity: 2G
 Pre-touch: Disabled
 Parallel Workers: 4
 Concurrent Workers: 1
 Concurrent Refinement Workers: 4
 Periodic GC: Disabled
Heap:
 garbage-first heap   total 180224K, used 120909K [0x0000000080000000, 0x0000000100000000)
  region size 1024K, 29 young (29696K), 2 survivors (2048K)
 Metaspace       used 91984K, committed 92736K, reserved 1130496K
  class space    used 12245K, committed 12608K, reserved 1048576K
GC Heap History (20 events):
Event: 55.241 GC heap before
{Heap before GC invocations=47 (full 0):
 garbage-first heap   total 126976K, used 85539K [0x0000000080000000, 0x0000000100000000)
  region size 1024K, 26 young (26624K), 4 survivors (4096K)
 Metaspace       used 74021K, committed 74624K, reserved 1114112K
  class space    used 9864K, committed 10112K, reserved 1048576K
}
Event: 55.364 GC heap after
{Heap after GC invocations=48 (full 0):
 garbage-first heap   total 126976K, used 64844K [0x0000000080000000, 0x0000000100000000)
  region size 1024K, 4 young (4096K), 4 survivors (4096K)
 Metaspace       used 74021K, committed 74624K, reserved 1114112K
  class space    used 9864K, committed 10112K, reserved 1048576K
}
Event: 57.699 GC heap before
{Heap before GC invocations=48 (full 0):
 garbage-first heap   total 126976K, used 102732K [0x0000000080000000, 0x0000000100000000)
  region size 1024K, 41 young (41984K), 4 survivors (4096K)
 Metaspace       used 79130K, committed 79744K, reserved 1122304K
  class space    used 10609K, committed 10880K, reserved 1048576K
}
Event: 57.717 GC heap after
{Heap after GC invocations=49 (full 0):
 garbage-first heap   total 126976K, used 67171K [0x0000000080000000, 0x0000000100000000)
  region size 1024K, 4 young (4096K), 4 survivors (4096K)
 Metaspace       used 79130K, committed 79744K, reserved 1122304K
  class space    used 10609K, committed 10880K, reserved 1048576K
}
Event: 59.387 GC heap before
{Heap before GC invocations=50 (full 0):
 garbage-first heap   total 126976K, used 104035K [0x0000000080000000, 0x0000000100000000)
  region size 1024K, 40 young (40960K), 4 survivors (4096K)
 Metaspace       used 80915K, committed 81664K, reserved 1122304K
  class space    used 10854K, committed 11200K, reserved 1048576K
}
Event: 59.410 GC heap after
{Heap after GC invocations=51 (full 0):
 garbage-first heap   total 126976K, used 71319K [0x0000000080000000, 0x0000000100000000)
  region size 1024K, 5 young (5120K), 5 survivors (5120K)
 Metaspace       used 80915K, committed 81664K, reserved 1122304K
  class space    used 10854K, committed 11200K, reserved 1048576K
}
Event: 60.287 GC heap before
{Heap before GC invocations=51 (full 0):
 garbage-first heap   total 126976K, used 103063K [0x0000000080000000, 0x0000000100000000)
  region size 1024K, 37 young (37888K), 5 survivors (5120K)
 Metaspace       used 81326K, committed 82048K, reserved 1122304K
  class space    used 10891K, committed 11264K, reserved 1048576K
}
Event: 60.335 GC heap after
{Heap after GC invocations=52 (full 0):
 garbage-first heap   total 180224K, used 77987K [0x0000000080000000, 0x0000000100000000)
  region size 1024K, 5 young (5120K), 5 survivors (5120K)
 Metaspace       used 81326K, committed 82048K, reserved 1122304K
  class space    used 10891K, committed 11264K, reserved 1048576K
}
Event: 71.897 GC heap before
{Heap before GC invocations=53 (full 0):
 garbage-first heap   total 180224K, used 137379K [0x0000000080000000, 0x0000000100000000)
  region size 1024K, 63 young (64512K), 5 survivors (5120K)
 Metaspace       used 85216K, committed 85888K, reserved 1130496K
  class space    used 11388K, committed 11712K, reserved 1048576K
}
Event: 71.926 GC heap after
{Heap after GC invocations=54 (full 0):
 garbage-first heap   total 180224K, used 85155K [0x0000000080000000, 0x0000000100000000)
  region size 1024K, 7 young (7168K), 7 survivors (7168K)
 Metaspace       used 85216K, committed 85888K, reserved 1130496K
  class space    used 11388K, committed 11712K, reserved 1048576K
}
Event: 80.092 GC heap before
{Heap before GC invocations=54 (full 0):
 garbage-first heap   total 180224K, used 139427K [0x0000000080000000, 0x0000000100000000)
  region size 1024K, 61 young (62464K), 7 survivors (7168K)
 Metaspace       used 85512K, committed 86208K, reserved 1130496K
  class space    used 11388K, committed 11712K, reserved 1048576K
}
Event: 80.113 GC heap after
{Heap after GC invocations=55 (full 0):
 garbage-first heap   total 180224K, used 88973K [0x0000000080000000, 0x0000000100000000)
  region size 1024K, 4 young (4096K), 4 survivors (4096K)
 Metaspace       used 85512K, committed 86208K, reserved 1130496K
  class space    used 11388K, committed 11712K, reserved 1048576K
}
Event: 82.055 GC heap before
{Heap before GC invocations=55 (full 0):
 garbage-first heap   total 180224K, used 111501K [0x0000000080000000, 0x0000000100000000)
  region size 1024K, 28 young (28672K), 4 survivors (4096K)
 Metaspace       used 86144K, committed 86848K, reserved 1130496K
  class space    used 11453K, committed 11776K, reserved 1048576K
}
Event: 82.066 GC heap after
{Heap after GC invocations=56 (full 0):
 garbage-first heap   total 180224K, used 90421K [0x0000000080000000, 0x0000000100000000)
  region size 1024K, 6 young (6144K), 6 survivors (6144K)
 Metaspace       used 86144K, committed 86848K, reserved 1130496K
  class space    used 11453K, committed 11776K, reserved 1048576K
}
Event: 84.362 GC heap before
{Heap before GC invocations=57 (full 0):
 garbage-first heap   total 180224K, used 145717K [0x0000000080000000, 0x0000000100000000)
  region size 1024K, 60 young (61440K), 6 survivors (6144K)
 Metaspace       used 86471K, committed 87168K, reserved 1130496K
  class space    used 11490K, committed 11840K, reserved 1048576K
}
Event: 84.380 GC heap after
{Heap after GC invocations=58 (full 0):
 garbage-first heap   total 180224K, used 94444K [0x0000000080000000, 0x0000000100000000)
  region size 1024K, 6 young (6144K), 6 survivors (6144K)
 Metaspace       used 86471K, committed 87168K, reserved 1130496K
  class space    used 11490K, committed 11840K, reserved 1048576K
}
Event: 84.526 GC heap before
{Heap before GC invocations=58 (full 0):
 garbage-first heap   total 180224K, used 96492K [0x0000000080000000, 0x0000000100000000)
  region size 1024K, 8 young (8192K), 6 survivors (6144K)
 Metaspace       used 86477K, committed 87232K, reserved 1130496K
  class space    used 11490K, committed 11840K, reserved 1048576K
}
Event: 84.569 GC heap after
{Heap after GC invocations=59 (full 0):
 garbage-first heap   total 180224K, used 94923K [0x0000000080000000, 0x0000000100000000)
  region size 1024K, 1 young (1024K), 1 survivors (1024K)
 Metaspace       used 86477K, committed 87232K, reserved 1130496K
  class space    used 11490K, committed 11840K, reserved 1048576K
}
Event: 92.640 GC heap before
{Heap before GC invocations=59 (full 0):
 garbage-first heap   total 180224K, used 149195K [0x0000000080000000, 0x0000000100000000)
  region size 1024K, 54 young (55296K), 1 survivors (1024K)
 Metaspace       used 91338K, committed 92096K, reserved 1130496K
  class space    used 12150K, committed 12480K, reserved 1048576K
}
Event: 92.647 GC heap after
{Heap after GC invocations=60 (full 0):
 garbage-first heap   total 180224K, used 95309K [0x0000000080000000, 0x0000000100000000)
  region size 1024K, 2 young (2048K), 2 survivors (2048K)
 Metaspace       used 91338K, committed 92096K, reserved 1130496K
  class space    used 12150K, committed 12480K, reserved 1048576K
}

